[2018-12-18T12:35:43.264] [TRACE] Node-App3 - Trace information message
[2018-12-18T12:35:44.284] [INFO] Node-App2 - Info information message
[2018-12-18T12:35:45.294] [ERROR] Node-App4 - Error information message
[2018-12-18T12:35:46.304] [FATAL] Node-App2 - Fatal information message
[2018-12-18T12:35:47.314] [WARN] Node-App4 - Warn information message
[2018-12-18T12:35:48.323] [INFO] Node-App1 - Info information message
[2018-12-18T12:35:49.332] [ERROR] Node-App3 - Error information message
[2018-12-18T12:35:50.337] [WARN] Node-App4 - Warn information message
[2018-12-18T12:35:51.346] [TRACE] Node-App1 - Trace information message
[2018-12-18T12:35:52.354] [DEBUG] Node-App1 - Debug information message
[2018-12-18T12:35:53.365] [DEBUG] Node-App3 - Debug information message
[2018-12-18T12:35:54.374] [DEBUG] Node-App4 - Debug information message
[2018-12-18T12:35:55.380] [WARN] Node-App2 - Warn information message
[2018-12-18T12:35:56.386] [DEBUG] Node-App3 - Debug information message
[2018-12-18T12:35:57.392] [DEBUG] Node-App4 - Debug information message
[2018-12-18T12:35:58.399] [FATAL] Node-App3 - Fatal information message
[2018-12-18T12:35:59.410] [DEBUG] Node-App4 - Debug information message
[2018-12-18T12:36:00.418] [INFO] Node-App4 - Info information message
[2018-12-18T12:36:01.423] [DEBUG] Node-App1 - Debug information message
[2018-12-18T12:36:02.431] [INFO] Node-App4 - Info information message
[2018-12-18T12:36:03.438] [FATAL] Node-App3 - Fatal information message
[2018-12-18T12:36:04.446] [FATAL] Node-App3 - Fatal information message
[2018-12-18T12:36:05.450] [FATAL] Node-App2 - Fatal information message
[2018-12-18T12:36:06.460] [ERROR] Node-App3 - Error information message
[2018-12-18T12:36:07.470] [ERROR] Node-App3 - Error information message
[2018-12-18T12:36:08.476] [DEBUG] Node-App1 - Debug information message
[2018-12-18T12:36:09.481] [WARN] Node-App2 - Warn information message
[2018-12-18T12:36:10.488] [DEBUG] Node-App2 - Debug information message
[2018-12-18T12:36:11.496] [DEBUG] Node-App4 - Debug information message
[2018-12-18T12:36:12.504] [DEBUG] Node-App3 - Debug information message
[2018-12-18T12:36:13.513] [TRACE] Node-App2 - Trace information message
[2018-12-18T12:36:14.522] [WARN] Node-App1 - Warn information message
[2018-12-18T12:36:15.530] [FATAL] Node-App1 - Fatal information message
[2018-12-18T12:36:16.537] [ERROR] Node-App3 - Error information message
[2018-12-18T12:36:17.542] [INFO] Node-App2 - Info information message
[2018-12-18T12:36:18.552] [TRACE] Node-App2 - Trace information message
[2018-12-18T12:36:19.559] [INFO] Node-App1 - Info information message
[2018-12-18T12:36:20.566] [FATAL] Node-App1 - Fatal information message
[2018-12-18T12:36:21.572] [ERROR] Node-App3 - Error information message
[2018-12-18T12:36:22.582] [DEBUG] Node-App3 - Debug information message
[2018-12-18T12:36:23.587] [TRACE] Node-App1 - Trace information message
[2018-12-18T12:36:24.595] [INFO] Node-App1 - Info information message
[2018-12-18T12:36:25.602] [DEBUG] Node-App1 - Debug information message
[2018-12-18T12:36:26.610] [DEBUG] Node-App2 - Debug information message
[2018-12-18T12:36:27.620] [ERROR] Node-App3 - Error information message
[2018-12-18T12:36:28.625] [DEBUG] Node-App3 - Debug information message
[2018-12-18T12:36:29.633] [WARN] Node-App3 - Warn information message
[2018-12-18T12:36:30.644] [DEBUG] Node-App4 - Debug information message
[2018-12-18T12:36:31.651] [TRACE] Node-App1 - Trace information message
[2018-12-18T12:36:32.661] [WARN] Node-App2 - Warn information message
[2018-12-18T12:36:33.673] [ERROR] Node-App4 - Error information message
[2018-12-18T12:36:34.679] [DEBUG] Node-App4 - Debug information message
[2018-12-18T12:36:35.689] [DEBUG] Node-App3 - Debug information message
[2018-12-18T12:36:36.695] [WARN] Node-App4 - Warn information message
[2018-12-18T12:36:37.700] [INFO] Node-App2 - Info information message
[2018-12-18T12:36:38.709] [DEBUG] Node-App3 - Debug information message
[2018-12-18T12:36:39.719] [FATAL] Node-App2 - Fatal information message
[2018-12-18T12:36:40.728] [DEBUG] Node-App2 - Debug information message
[2018-12-18T12:36:41.737] [FATAL] Node-App2 - Fatal information message
[2018-12-18T12:36:42.747] [WARN] Node-App4 - Warn information message
[2018-12-18T12:36:43.752] [TRACE] Node-App4 - Trace information message
[2018-12-18T12:36:44.761] [ERROR] Node-App4 - Error information message
[2018-12-18T12:36:45.770] [TRACE] Node-App2 - Trace information message
[2018-12-18T12:36:46.781] [FATAL] Node-App3 - Fatal information message
[2018-12-18T12:36:47.791] [WARN] Node-App1 - Warn information message
[2018-12-18T12:36:48.800] [TRACE] Node-App2 - Trace information message
[2018-12-18T12:36:49.806] [INFO] Node-App2 - Info information message
[2018-12-18T12:36:50.815] [INFO] Node-App1 - Info information message
[2018-12-18T12:36:51.822] [INFO] Node-App3 - Info information message
[2018-12-18T12:36:52.829] [FATAL] Node-App3 - Fatal information message
[2018-12-18T12:36:53.836] [TRACE] Node-App1 - Trace information message
[2018-12-18T12:36:54.845] [INFO] Node-App2 - Info information message
[2018-12-18T12:36:55.855] [INFO] Node-App3 - Info information message
[2018-12-18T12:36:56.864] [INFO] Node-App1 - Info information message
[2018-12-18T12:36:57.872] [ERROR] Node-App3 - Error information message
[2018-12-18T12:36:58.878] [TRACE] Node-App3 - Trace information message
[2018-12-18T12:36:59.885] [DEBUG] Node-App4 - Debug information message
[2018-12-18T12:37:00.892] [DEBUG] Node-App1 - Debug information message
[2018-12-18T12:37:01.906] [INFO] Node-App1 - Info information message
[2018-12-18T12:37:02.914] [WARN] Node-App4 - Warn information message
[2018-12-18T12:37:03.922] [WARN] Node-App4 - Warn information message
[2018-12-18T12:37:04.930] [ERROR] Node-App3 - Error information message
[2018-12-18T12:37:05.937] [DEBUG] Node-App3 - Debug information message
[2018-12-18T12:37:06.947] [TRACE] Node-App2 - Trace information message
[2018-12-18T12:37:07.957] [ERROR] Node-App3 - Error information message
[2018-12-18T12:37:08.967] [FATAL] Node-App3 - Fatal information message
[2018-12-18T12:37:09.977] [TRACE] Node-App4 - Trace information message
[2018-12-18T12:37:10.987] [ERROR] Node-App3 - Error information message
[2018-12-18T12:37:11.997] [WARN] Node-App4 - Warn information message
[2018-12-18T12:37:13.006] [TRACE] Node-App2 - Trace information message
[2018-12-18T12:37:14.011] [FATAL] Node-App2 - Fatal information message
[2018-12-18T12:37:15.018] [ERROR] Node-App1 - Error information message
[2018-12-18T12:37:16.026] [TRACE] Node-App1 - Trace information message
[2018-12-18T12:37:17.036] [WARN] Node-App4 - Warn information message
[2018-12-18T12:37:18.046] [INFO] Node-App3 - Info information message
[2018-12-18T12:37:19.057] [ERROR] Node-App2 - Error information message
[2018-12-18T12:37:20.066] [WARN] Node-App3 - Warn information message
[2018-12-18T12:37:21.075] [WARN] Node-App4 - Warn information message
[2018-12-18T12:37:22.083] [INFO] Node-App3 - Info information message
[2018-12-18T12:37:23.091] [DEBUG] Node-App4 - Debug information message
[2018-12-18T12:37:23.091] [DEBUG] Node-App4 - Debug information message
